<?xml version="1.0" encoding="UTF-8"?>
<!-- Generated by org.testng.reporters.JUnitXMLReporter -->
<testsuite hostname="ARAVINDKSV" ignored="0" name="ChromeTest" tests="3" failures="0" timestamp="26 Aug 2021 05:04:18 GMT" time="26.699" errors="0">
  <testcase name="newCreateProduct" time="12.894" classname="com.vtiger.testscripts.CreateNewProduct"/>
  <testcase name="newCreateLead" time="12.926" classname="com.vtiger.testscripts.CreateNewLeads"/>
  <testcase name="newCreateContact" time="13.494" classname="com.vtiger.testscripts.CreateNewContact"/>
</testsuite> <!-- ChromeTest -->
