<?xml version="1.0" encoding="UTF-8"?>
<!-- Generated by org.testng.reporters.JUnitXMLReporter -->
<testsuite hostname="ARAVINDKSV" ignored="0" name="EdgeTest" tests="3" failures="0" timestamp="26 Aug 2021 05:04:45 GMT" time="26.311" errors="0">
  <testcase name="newCreateProduct" time="11.699" classname="com.vtiger.testscripts.CreateNewProduct"/>
  <testcase name="newCreateLead" time="12.221" classname="com.vtiger.testscripts.CreateNewLeads"/>
  <testcase name="newCreateContact" time="13.598" classname="com.vtiger.testscripts.CreateNewContact"/>
</testsuite> <!-- EdgeTest -->
