<?xml version="1.0" encoding="UTF-8"?>
<!-- Generated by org.testng.reporters.JUnitXMLReporter -->
<testsuite hostname="ARAVINDKSV" ignored="0" name="OperaTest" tests="3" failures="0" timestamp="26 Aug 2021 05:05:09 GMT" time="24.449" errors="0">
  <testcase name="newCreateLead" time="11.921" classname="com.vtiger.testscripts.CreateNewLeads"/>
  <testcase name="newCreateProduct" time="12.044" classname="com.vtiger.testscripts.CreateNewProduct"/>
  <testcase name="newCreateContact" time="13.068" classname="com.vtiger.testscripts.CreateNewContact"/>
</testsuite> <!-- OperaTest -->
