<?xml version="1.0" encoding="UTF-8"?>
<!-- Generated by org.testng.reporters.JUnitXMLReporter -->
<testsuite hostname="ARAVINDKSV" ignored="0" name="Test" tests="3" failures="0" timestamp="15 Sep 2021 06:49:15 GMT" time="32.134" errors="0">
  <testcase name="newCreateProduct" time="14.806" classname="com.vtiger.testscripts.CreateNewProduct"/>
  <testcase name="newCreateLead" time="15.234" classname="com.vtiger.testscripts.CreateNewLeads"/>
  <testcase name="newCreateContact" time="15.666" classname="com.vtiger.testscripts.CreateNewContact"/>
</testsuite> <!-- Test -->
