<?xml version="1.0" encoding="UTF-8"?>
<testng-results skipped="0" failed="0" ignored="0" total="4" passed="4">
  <reporter-output>
  </reporter-output>
  <suite name="Default suite" duration-ms="108" started-at="2021-12-21T06:30:26Z" finished-at="2021-12-21T06:30:26Z">
    <groups>
    </groups>
    <test name="Default test" duration-ms="108" started-at="2021-12-21T06:30:26Z" finished-at="2021-12-21T06:30:26Z">
      <class name="com.vtiger.genericLib.Assertions">
        <test-method status="PASS" signature="checkContainsHardAssertion()[pri:0, instance:com.vtiger.genericLib.Assertions@4c70fda8]" name="checkContainsHardAssertion" duration-ms="27" started-at="2021-12-21T06:30:26Z" finished-at="2021-12-21T06:30:26Z">
          <reporter-output>
          </reporter-output>
        </test-method> <!-- checkContainsHardAssertion -->
        <test-method status="PASS" signature="checkPartialSoftAssertion()[pri:0, instance:com.vtiger.genericLib.Assertions@4c70fda8]" name="checkPartialSoftAssertion" duration-ms="9" started-at="2021-12-21T06:30:26Z" finished-at="2021-12-21T06:30:26Z">
          <reporter-output>
          </reporter-output>
        </test-method> <!-- checkPartialSoftAssertion -->
        <test-method status="PASS" signature="checkStrictHardAssertion()[pri:0, instance:com.vtiger.genericLib.Assertions@4c70fda8]" name="checkStrictHardAssertion" duration-ms="2" started-at="2021-12-21T06:30:26Z" finished-at="2021-12-21T06:30:26Z">
          <reporter-output>
          </reporter-output>
        </test-method> <!-- checkStrictHardAssertion -->
        <test-method status="PASS" signature="checkStrictSoftAssertion()[pri:0, instance:com.vtiger.genericLib.Assertions@4c70fda8]" name="checkStrictSoftAssertion" duration-ms="4" started-at="2021-12-21T06:30:26Z" finished-at="2021-12-21T06:30:26Z">
          <reporter-output>
          </reporter-output>
        </test-method> <!-- checkStrictSoftAssertion -->
      </class> <!-- com.vtiger.genericLib.Assertions -->
    </test> <!-- Default test -->
  </suite> <!-- Default suite -->
</testng-results>
